<?xml version="1.0" encoding="UTF-8"?>
<!-- Generated by org.testng.reporters.JUnitReportReporter -->
<testsuite hostname="DESKTOP-S85RN5P" failures="0" tests="2" name="testNG.TestNGTest" time="0.042" errors="0" timestamp="2021-07-23T23:02:17 IST" skipped="0">
  <testcase classname="testNG.TestNGTest" name="validateUserID" time="0.025"/>
  <system-out>
    <![CDATA[Uservalidation done---> @Test Used]]>
  </system-out>
  <testcase classname="testNG.TestNGTest" name="validatePIN" time="0.017"/>
  <system-out>
    <![CDATA[PIN validation  done---> @Test Used]]>
  </system-out>
</testsuite> <!-- testNG.TestNGTest -->
