<?xml version="1.0" encoding="UTF-8"?>
<!-- Generated by org.testng.reporters.JUnitReportReporter -->
<testsuite hostname="DESKTOP-S85RN5P" failures="0" tests="3" name="testNG.Include_Exclude" time="0.089" errors="0" timestamp="2021-07-23T23:10:36 IST" skipped="0">
  <testcase classname="testNG.Include_Exclude" name="c" time="0.052"/>
  <system-out>
    <![CDATA[method c running]]>
  </system-out>
  <testcase classname="testNG.Include_Exclude" name="e" time="0.018"/>
  <system-out>
    <![CDATA[method e running]]>
  </system-out>
  <testcase classname="testNG.Include_Exclude" name="d" time="0.019"/>
  <system-out>
    <![CDATA[method d running]]>
  </system-out>
</testsuite> <!-- testNG.Include_Exclude -->
