<?xml version="1.0" encoding="UTF-8"?>
<!-- Generated by org.testng.reporters.JUnitReportReporter -->
<testsuite hostname="DESKTOP-S85RN5P" failures="0" tests="4" name="testNG.Key_word_Testng" time="0.053" errors="0" timestamp="2021-07-23T23:02:17 IST" skipped="0">
  <testcase classname="testNG.Key_word_Testng" name="b9" time="0.008"/>
  <system-out>
    <![CDATA[login]]>
  </system-out>
  <testcase classname="testNG.Key_word_Testng" name="b0" time="0.005"/>
  <system-out>
    <![CDATA[login]]>
  </system-out>
  <testcase classname="testNG.Key_word_Testng" name="b" time="0.014"/>
  <system-out>
    <![CDATA[login]]>
  </system-out>
  <testcase classname="testNG.Key_word_Testng" name="a0" time="0.026"/>
  <system-out>
    <![CDATA[login]]>
  </system-out>
</testsuite> <!-- testNG.Key_word_Testng -->
