<?xml version="1.0" encoding="UTF-8"?>
<!-- Generated by org.testng.reporters.JUnitReportReporter -->
<testsuite hostname="DESKTOP-S85RN5P" failures="0" tests="1" name="testNG.Test_NG_Test" time="28.459" errors="0" timestamp="2021-07-23T23:02:17 IST" skipped="0">
  <testcase classname="testNG.Test_NG_Test" name="f" time="28.459"/>
  <system-out/>
</testsuite> <!-- testNG.Test_NG_Test -->
