<?xml version="1.0" encoding="UTF-8"?>
<!-- Generated by org.testng.reporters.JUnitReportReporter -->
<testsuite hostname="DESKTOP-S85RN5P" failures="0" tests="2" name="testNG.TEsttestNG" time="0.027" errors="0" timestamp="2021-07-23T23:02:17 IST" skipped="0">
  <testcase classname="testNG.TEsttestNG" name="two" time="0.021"/>
  <system-out/>
  <testcase classname="testNG.TEsttestNG" name="hello" time="0.006"/>
  <system-out/>
</testsuite> <!-- testNG.TEsttestNG -->
